<?xml version="1.0" encoding="UTF-8"?>
<!-- Generated by org.testng.reporters.JUnitXMLReporter -->
<testsuite ignored="0" hostname="DESKTOP-JER1GPA" failures="1" tests="3" name="Error Validations Test" time="22.505" errors="0" timestamp="2023-02-15T10:52:44 IST">
  <testcase classname="swethapanchumarthy.Tests.ErrorValidations" name="loginerrorValidation" time="0.904">
    <skipped/>
  </testcase> <!-- loginerrorValidation -->
  <testcase classname="swethapanchumarthy.Tests.ErrorValidations" name="loginerrorValidation" time="0.848">
    <failure type="java.lang.AssertionError" message="expected [Incorrect email or password.] but found [Incorrect email password.]">
      <![CDATA[java.lang.AssertionError: expected [Incorrect email or password.] but found [Incorrect email password.]
at swethapanchumarthy.Tests.ErrorValidations.loginerrorValidation(ErrorValidations.java:21)
at java.base/java.util.ArrayList.forEach(ArrayList.java:1541)
at java.base/java.util.concurrent.FutureTask.run(FutureTask.java:264)
at java.base/java.util.concurrent.ThreadPoolExecutor.runWorker(ThreadPoolExecutor.java:1128)
at java.base/java.util.concurrent.ThreadPoolExecutor$Worker.run(ThreadPoolExecutor.java:628)
at java.base/java.lang.Thread.run(Thread.java:834)
... Removed 23 stack frames]]>
    </failure>
  </testcase> <!-- loginerrorValidation -->
  <testcase classname="swethapanchumarthy.Tests.ErrorValidations" name="producterrorValidation" time="2.733"/>
</testsuite> <!-- Error Validations Test -->
